<?xml version="1.0" encoding="UTF-8"?>
<testng-results skipped="0" failed="0" ignored="0" total="1" passed="1">
  <reporter-output>
  </reporter-output>
  <suite name="Surefire suite" duration-ms="123" started-at="2024-02-19T16:34:14Z" finished-at="2024-02-19T16:34:14Z">
    <groups>
    </groups>
    <test name="Surefire test" duration-ms="123" started-at="2024-02-19T16:34:14Z" finished-at="2024-02-19T16:34:14Z">
      <class name="com.globant.AppTest">
        <test-method status="PASS" signature="shouldAnswerWithTrue()" name="shouldAnswerWithTrue" duration-ms="20" started-at="2024-02-19T16:34:14Z" finished-at="2024-02-19T16:34:14Z">
          <reporter-output>
          </reporter-output>
        </test-method> <!-- shouldAnswerWithTrue -->
      </class> <!-- com.globant.AppTest -->
    </test> <!-- Surefire test -->
  </suite> <!-- Surefire suite -->
</testng-results>
